Analysis & Synthesis report for Arkanoid
Fri Jan 10 10:42:18 2020
Quartus II 64-Bit Version 13.0.1 Build 232 06/12/2013 Service Pack 1 SJ Web Edition


---------------------
; Table of Contents ;
---------------------
  1. Legal Notice
  2. Analysis & Synthesis Summary
  3. Analysis & Synthesis Settings
  4. Parallel Compilation
  5. Analysis & Synthesis Source Files Read
  6. Analysis & Synthesis Resource Usage Summary
  7. Analysis & Synthesis Resource Utilization by Entity
  8. State Machine - |Arkanoid|gioco:np|sreg
  9. Registers Removed During Synthesis
 10. General Register Statistics
 11. Multiplexer Restructuring Statistics (Restructuring Performed)
 12. Parameter Settings for User Entity Instance: gioco:np
 13. Parameter Settings for User Entity Instance: gioco:np|flipflop:ff
 14. Elapsed Time Per Partition
 15. Analysis & Synthesis Messages



----------------
; Legal Notice ;
----------------
Copyright (C) 1991-2013 Altera Corporation
Your use of Altera Corporation's design tools, logic functions 
and other software and tools, and its AMPP partner logic 
functions, and any output files from any of the foregoing 
(including device programming or simulation files), and any 
associated documentation or information are expressly subject 
to the terms and conditions of the Altera Program License 
Subscription Agreement, Altera MegaCore Function License 
Agreement, or other applicable license agreement, including, 
without limitation, that your use is for the sole purpose of 
programming logic devices manufactured by Altera and sold by 
Altera or its authorized distributors.  Please refer to the 
applicable agreement for further details.



+--------------------------------------------------------------------------------------+
; Analysis & Synthesis Summary                                                         ;
+------------------------------------+-------------------------------------------------+
; Analysis & Synthesis Status        ; Successful - Fri Jan 10 10:42:18 2020           ;
; Quartus II 64-Bit Version          ; 13.0.1 Build 232 06/12/2013 SP 1 SJ Web Edition ;
; Revision Name                      ; Arkanoid                                        ;
; Top-level Entity Name              ; Arkanoid                                        ;
; Family                             ; Cyclone II                                      ;
; Total logic elements               ; 1,107                                           ;
;     Total combinational functions  ; 1,106                                           ;
;     Dedicated logic registers      ; 87                                              ;
; Total registers                    ; 87                                              ;
; Total pins                         ; 20                                              ;
; Total virtual pins                 ; 0                                               ;
; Total memory bits                  ; 0                                               ;
; Embedded Multiplier 9-bit elements ; 0                                               ;
; Total PLLs                         ; 0                                               ;
+------------------------------------+-------------------------------------------------+


+----------------------------------------------------------------------------------------------------------------------+
; Analysis & Synthesis Settings                                                                                        ;
+----------------------------------------------------------------------------+--------------------+--------------------+
; Option                                                                     ; Setting            ; Default Value      ;
+----------------------------------------------------------------------------+--------------------+--------------------+
; Device                                                                     ; EP2C20F484C7       ;                    ;
; Top-level entity name                                                      ; Arkanoid           ; Arkanoid           ;
; Family name                                                                ; Cyclone II         ; Cyclone IV GX      ;
; Use smart compilation                                                      ; Off                ; Off                ;
; Enable parallel Assembler and TimeQuest Timing Analyzer during compilation ; On                 ; On                 ;
; Enable compact report table                                                ; Off                ; Off                ;
; Restructure Multiplexers                                                   ; Auto               ; Auto               ;
; Create Debugging Nodes for IP Cores                                        ; Off                ; Off                ;
; Preserve fewer node names                                                  ; On                 ; On                 ;
; Disable OpenCore Plus hardware evaluation                                  ; Off                ; Off                ;
; Verilog Version                                                            ; Verilog_2001       ; Verilog_2001       ;
; VHDL Version                                                               ; VHDL_1993          ; VHDL_1993          ;
; State Machine Processing                                                   ; Auto               ; Auto               ;
; Safe State Machine                                                         ; Off                ; Off                ;
; Extract Verilog State Machines                                             ; On                 ; On                 ;
; Extract VHDL State Machines                                                ; On                 ; On                 ;
; Ignore Verilog initial constructs                                          ; Off                ; Off                ;
; Iteration limit for constant Verilog loops                                 ; 5000               ; 5000               ;
; Iteration limit for non-constant Verilog loops                             ; 250                ; 250                ;
; Add Pass-Through Logic to Inferred RAMs                                    ; On                 ; On                 ;
; Infer RAMs from Raw Logic                                                  ; On                 ; On                 ;
; Parallel Synthesis                                                         ; On                 ; On                 ;
; DSP Block Balancing                                                        ; Auto               ; Auto               ;
; NOT Gate Push-Back                                                         ; On                 ; On                 ;
; Power-Up Don't Care                                                        ; On                 ; On                 ;
; Remove Redundant Logic Cells                                               ; Off                ; Off                ;
; Remove Duplicate Registers                                                 ; On                 ; On                 ;
; Ignore CARRY Buffers                                                       ; Off                ; Off                ;
; Ignore CASCADE Buffers                                                     ; Off                ; Off                ;
; Ignore GLOBAL Buffers                                                      ; Off                ; Off                ;
; Ignore ROW GLOBAL Buffers                                                  ; Off                ; Off                ;
; Ignore LCELL Buffers                                                       ; Off                ; Off                ;
; Ignore SOFT Buffers                                                        ; On                 ; On                 ;
; Limit AHDL Integers to 32 Bits                                             ; Off                ; Off                ;
; Optimization Technique                                                     ; Balanced           ; Balanced           ;
; Carry Chain Length                                                         ; 70                 ; 70                 ;
; Auto Carry Chains                                                          ; On                 ; On                 ;
; Auto Open-Drain Pins                                                       ; On                 ; On                 ;
; Perform WYSIWYG Primitive Resynthesis                                      ; Off                ; Off                ;
; Auto ROM Replacement                                                       ; On                 ; On                 ;
; Auto RAM Replacement                                                       ; On                 ; On                 ;
; Auto Shift Register Replacement                                            ; Auto               ; Auto               ;
; Allow Shift Register Merging across Hierarchies                            ; Auto               ; Auto               ;
; Auto Clock Enable Replacement                                              ; On                 ; On                 ;
; Strict RAM Replacement                                                     ; Off                ; Off                ;
; Allow Synchronous Control Signals                                          ; On                 ; On                 ;
; Force Use of Synchronous Clear Signals                                     ; Off                ; Off                ;
; Auto RAM to Logic Cell Conversion                                          ; Off                ; Off                ;
; Auto Resource Sharing                                                      ; Off                ; Off                ;
; Allow Any RAM Size For Recognition                                         ; Off                ; Off                ;
; Allow Any ROM Size For Recognition                                         ; Off                ; Off                ;
; Allow Any Shift Register Size For Recognition                              ; Off                ; Off                ;
; Use LogicLock Constraints during Resource Balancing                        ; On                 ; On                 ;
; Ignore translate_off and synthesis_off directives                          ; Off                ; Off                ;
; Timing-Driven Synthesis                                                    ; Off                ; Off                ;
; Report Parameter Settings                                                  ; On                 ; On                 ;
; Report Source Assignments                                                  ; On                 ; On                 ;
; Report Connectivity Checks                                                 ; On                 ; On                 ;
; Ignore Maximum Fan-Out Assignments                                         ; Off                ; Off                ;
; Synchronization Register Chain Length                                      ; 2                  ; 2                  ;
; PowerPlay Power Optimization                                               ; Normal compilation ; Normal compilation ;
; HDL message level                                                          ; Level2             ; Level2             ;
; Suppress Register Optimization Related Messages                            ; Off                ; Off                ;
; Number of Removed Registers Reported in Synthesis Report                   ; 5000               ; 5000               ;
; Number of Swept Nodes Reported in Synthesis Report                         ; 5000               ; 5000               ;
; Number of Inverted Registers Reported in Synthesis Report                  ; 100                ; 100                ;
; Clock MUX Protection                                                       ; On                 ; On                 ;
; Auto Gated Clock Conversion                                                ; Off                ; Off                ;
; Block Design Naming                                                        ; Auto               ; Auto               ;
; SDC constraint protection                                                  ; Off                ; Off                ;
; Synthesis Effort                                                           ; Auto               ; Auto               ;
; Shift Register Replacement - Allow Asynchronous Clear Signal               ; On                 ; On                 ;
; Pre-Mapping Resynthesis Optimization                                       ; Off                ; Off                ;
; Analysis & Synthesis Message Level                                         ; Medium             ; Medium             ;
; Disable Register Merging Across Hierarchies                                ; Auto               ; Auto               ;
; Resource Aware Inference For Block RAM                                     ; On                 ; On                 ;
; Synthesis Seed                                                             ; 1                  ; 1                  ;
+----------------------------------------------------------------------------+--------------------+--------------------+


Parallel compilation was disabled, but you have multiple processors available. Enable parallel compilation to reduce compilation time.
+-------------------------------------+
; Parallel Compilation                ;
+----------------------------+--------+
; Processors                 ; Number ;
+----------------------------+--------+
; Number detected on machine ; 4      ;
; Maximum allowed            ; 1      ;
+----------------------------+--------+


+---------------------------------------------------------------------------------------------------------------------------------------------------------------+
; Analysis & Synthesis Source Files Read                                                                                                                        ;
+----------------------------------+-----------------+------------------------+-----------------------------------------------------------------------+---------+
; File Name with User-Entered Path ; Used in Netlist ; File Type              ; File Name with Absolute Path                                          ; Library ;
+----------------------------------+-----------------+------------------------+-----------------------------------------------------------------------+---------+
; gioco.v                          ; yes             ; User Verilog HDL File  ; C:/Users/rafus/Desktop/Progetto Rasulo- Di Vito/Arkanoid/gioco.v      ;         ;
; vga640x480.v                     ; yes             ; User Verilog HDL File  ; C:/Users/rafus/Desktop/Progetto Rasulo- Di Vito/Arkanoid/vga640x480.v ;         ;
; flipflop.v                       ; yes             ; User Verilog HDL File  ; C:/Users/rafus/Desktop/Progetto Rasulo- Di Vito/Arkanoid/flipflop.v   ;         ;
; Arkanoid.v                       ; yes             ; User Verilog HDL File  ; C:/Users/rafus/Desktop/Progetto Rasulo- Di Vito/Arkanoid/Arkanoid.v   ;         ;
+----------------------------------+-----------------+------------------------+-----------------------------------------------------------------------+---------+


+----------------------------------------------------------------+
; Analysis & Synthesis Resource Usage Summary                    ;
+---------------------------------------------+------------------+
; Resource                                    ; Usage            ;
+---------------------------------------------+------------------+
; Estimated Total logic elements              ; 1,107            ;
;                                             ;                  ;
; Total combinational functions               ; 1106             ;
; Logic element usage by number of LUT inputs ;                  ;
;     -- 4 input functions                    ; 633              ;
;     -- 3 input functions                    ; 263              ;
;     -- <=2 input functions                  ; 210              ;
;                                             ;                  ;
; Logic elements by mode                      ;                  ;
;     -- normal mode                          ; 943              ;
;     -- arithmetic mode                      ; 163              ;
;                                             ;                  ;
; Total registers                             ; 87               ;
;     -- Dedicated logic registers            ; 87               ;
;     -- I/O registers                        ; 0                ;
;                                             ;                  ;
; I/O pins                                    ; 20               ;
; Embedded Multiplier 9-bit elements          ; 0                ;
; Maximum fan-out node                        ; gioco:np|sreg.s0 ;
; Maximum fan-out                             ; 71               ;
; Total fan-out                               ; 3977             ;
; Average fan-out                             ; 3.28             ;
+---------------------------------------------+------------------+


+----------------------------------------------------------------------------------------------------------------------------------------------------------------------------------------+
; Analysis & Synthesis Resource Utilization by Entity                                                                                                                                    ;
+----------------------------+-------------------+--------------+-------------+--------------+---------+-----------+------+--------------+--------------------------------+--------------+
; Compilation Hierarchy Node ; LC Combinationals ; LC Registers ; Memory Bits ; DSP Elements ; DSP 9x9 ; DSP 18x18 ; Pins ; Virtual Pins ; Full Hierarchy Name            ; Library Name ;
+----------------------------+-------------------+--------------+-------------+--------------+---------+-----------+------+--------------+--------------------------------+--------------+
; |Arkanoid                  ; 1106 (259)        ; 87 (2)       ; 0           ; 0            ; 0       ; 0         ; 20   ; 0            ; |Arkanoid                      ; work         ;
;    |gioco:np|              ; 781 (731)         ; 65 (5)       ; 0           ; 0            ; 0       ; 0         ; 0    ; 0            ; |Arkanoid|gioco:np             ; work         ;
;       |flipflop:ff|        ; 50 (50)           ; 60 (60)      ; 0           ; 0            ; 0       ; 0         ; 0    ; 0            ; |Arkanoid|gioco:np|flipflop:ff ; work         ;
;    |vga640x480:display|    ; 66 (66)           ; 20 (20)      ; 0           ; 0            ; 0       ; 0         ; 0    ; 0            ; |Arkanoid|vga640x480:display   ; work         ;
+----------------------------+-------------------+--------------+-------------+--------------+---------+-----------+------+--------------+--------------------------------+--------------+
Note: For table entries with two numbers listed, the numbers in parentheses indicate the number of resources of the given type used by the specific entity alone. The numbers listed outside of parentheses indicate the total resources of the given type used by the specific entity and all of its sub-entities in the hierarchy.


Encoding Type:  One-Hot
+-------------------------------------------------------------------+
; State Machine - |Arkanoid|gioco:np|sreg                           ;
+------------+------------+---------+----------+----------+---------+
; Name       ; sreg.wait1 ; sreg.go ; sreg.win ; sreg.val ; sreg.s0 ;
+------------+------------+---------+----------+----------+---------+
; sreg.wait1 ; 0          ; 0       ; 0        ; 0        ; 0       ;
; sreg.s0    ; 1          ; 0       ; 0        ; 0        ; 1       ;
; sreg.val   ; 1          ; 0       ; 0        ; 1        ; 0       ;
; sreg.win   ; 1          ; 0       ; 1        ; 0        ; 0       ;
; sreg.go    ; 1          ; 1       ; 0        ; 0        ; 0       ;
+------------+------------+---------+----------+----------+---------+


+-------------------------------------------------------------------------------------+
; Registers Removed During Synthesis                                                  ;
+----------------------------------------+--------------------------------------------+
; Register name                          ; Reason for Removal                         ;
+----------------------------------------+--------------------------------------------+
; gioco:np|flipflop:ff|o_ynav[3,5,9]     ; Merged with gioco:np|flipflop:ff|o_ynav[0] ;
; gioco:np|flipflop:ff|o_ynav[2,4,6..8]  ; Merged with gioco:np|flipflop:ff|o_ynav[1] ;
; gioco:np|flipflop:ff|o_ypal[0]         ; Merged with gioco:np|flipflop:ff|o_xpal[0] ;
; gioco:np|flipflop:ff|o_ynav[0]         ; Stuck at GND due to stuck port data_in     ;
; gioco:np|flipflop:ff|o_ynav[1]         ; Stuck at VCC due to stuck port data_in     ;
; gioco:np|flipflop:ff|o_xpal[0]         ; Stuck at GND due to stuck port data_in     ;
; Total Number of Removed Registers = 12 ;                                            ;
+----------------------------------------+--------------------------------------------+


+------------------------------------------------------+
; General Register Statistics                          ;
+----------------------------------------------+-------+
; Statistic                                    ; Value ;
+----------------------------------------------+-------+
; Total registers                              ; 87    ;
; Number of registers using Synchronous Clear  ; 31    ;
; Number of registers using Synchronous Load   ; 3     ;
; Number of registers using Asynchronous Clear ; 0     ;
; Number of registers using Asynchronous Load  ; 0     ;
; Number of registers using Clock Enable       ; 22    ;
; Number of registers using Preset             ; 0     ;
+----------------------------------------------+-------+


+---------------------------------------------------------------------------------------------------------------------------------------------------------+
; Multiplexer Restructuring Statistics (Restructuring Performed)                                                                                          ;
+--------------------+-----------+---------------+----------------------+------------------------+------------+-------------------------------------------+
; Multiplexer Inputs ; Bus Width ; Baseline Area ; Area if Restructured ; Saving if Restructured ; Registered ; Example Multiplexer Output                ;
+--------------------+-----------+---------------+----------------------+------------------------+------------+-------------------------------------------+
; 4:1                ; 10 bits   ; 20 LEs        ; 10 LEs               ; 10 LEs                 ; Yes        ; |Arkanoid|vga640x480:display|h_count[8]   ;
; 4:1                ; 10 bits   ; 20 LEs        ; 10 LEs               ; 10 LEs                 ; Yes        ; |Arkanoid|vga640x480:display|v_count[5]   ;
; 6:1                ; 2 bits    ; 8 LEs         ; 4 LEs                ; 4 LEs                  ; Yes        ; |Arkanoid|gioco:np|flipflop:ff|o_red1[0]  ;
; 6:1                ; 2 bits    ; 8 LEs         ; 4 LEs                ; 4 LEs                  ; Yes        ; |Arkanoid|gioco:np|flipflop:ff|o_red2[0]  ;
; 6:1                ; 2 bits    ; 8 LEs         ; 4 LEs                ; 4 LEs                  ; Yes        ; |Arkanoid|gioco:np|flipflop:ff|o_red3[0]  ;
; 6:1                ; 2 bits    ; 8 LEs         ; 4 LEs                ; 4 LEs                  ; Yes        ; |Arkanoid|gioco:np|flipflop:ff|o_red4[0]  ;
; 6:1                ; 2 bits    ; 8 LEs         ; 4 LEs                ; 4 LEs                  ; Yes        ; |Arkanoid|gioco:np|flipflop:ff|o_brick[1] ;
; 6:1                ; 2 bits    ; 8 LEs         ; 2 LEs                ; 6 LEs                  ; Yes        ; |Arkanoid|gioco:np|flipflop:ff|o_life[0]  ;
; 3:1                ; 14 bits   ; 28 LEs        ; 28 LEs               ; 0 LEs                  ; No         ; |Arkanoid|BLUE                            ;
; 3:1                ; 2 bits    ; 4 LEs         ; 2 LEs                ; 2 LEs                  ; No         ; |Arkanoid|gioco:np|red1                   ;
; 3:1                ; 2 bits    ; 4 LEs         ; 4 LEs                ; 0 LEs                  ; No         ; |Arkanoid|gioco:np|red1                   ;
; 3:1                ; 2 bits    ; 4 LEs         ; 2 LEs                ; 2 LEs                  ; No         ; |Arkanoid|gioco:np|red2                   ;
; 3:1                ; 2 bits    ; 4 LEs         ; 4 LEs                ; 0 LEs                  ; No         ; |Arkanoid|gioco:np|red2                   ;
; 3:1                ; 2 bits    ; 4 LEs         ; 2 LEs                ; 2 LEs                  ; No         ; |Arkanoid|gioco:np|red3                   ;
; 3:1                ; 2 bits    ; 4 LEs         ; 4 LEs                ; 0 LEs                  ; No         ; |Arkanoid|gioco:np|red3                   ;
; 3:1                ; 2 bits    ; 4 LEs         ; 2 LEs                ; 2 LEs                  ; No         ; |Arkanoid|gioco:np|red4                   ;
; 3:1                ; 2 bits    ; 4 LEs         ; 4 LEs                ; 0 LEs                  ; No         ; |Arkanoid|gioco:np|red4                   ;
; 3:1                ; 2 bits    ; 4 LEs         ; 2 LEs                ; 2 LEs                  ; No         ; |Arkanoid|gioco:np|blue5                  ;
; 3:1                ; 2 bits    ; 4 LEs         ; 4 LEs                ; 0 LEs                  ; No         ; |Arkanoid|gioco:np|blue5                  ;
; 3:1                ; 2 bits    ; 4 LEs         ; 2 LEs                ; 2 LEs                  ; No         ; |Arkanoid|gioco:np|blue6                  ;
; 3:1                ; 2 bits    ; 4 LEs         ; 4 LEs                ; 0 LEs                  ; No         ; |Arkanoid|gioco:np|blue6                  ;
; 3:1                ; 2 bits    ; 4 LEs         ; 2 LEs                ; 2 LEs                  ; No         ; |Arkanoid|gioco:np|blue7                  ;
; 3:1                ; 2 bits    ; 4 LEs         ; 4 LEs                ; 0 LEs                  ; No         ; |Arkanoid|gioco:np|blue7                  ;
; 3:1                ; 4 bits    ; 8 LEs         ; 8 LEs                ; 0 LEs                  ; No         ; |Arkanoid|gioco:np|brick                  ;
; 3:1                ; 4 bits    ; 8 LEs         ; 8 LEs                ; 0 LEs                  ; No         ; |Arkanoid|gioco:np|brick                  ;
; 3:1                ; 4 bits    ; 8 LEs         ; 8 LEs                ; 0 LEs                  ; No         ; |Arkanoid|gioco:np|brick                  ;
; 3:1                ; 2 bits    ; 4 LEs         ; 2 LEs                ; 2 LEs                  ; No         ; |Arkanoid|gioco:np|brick                  ;
; 3:1                ; 20 bits   ; 40 LEs        ; 20 LEs               ; 20 LEs                 ; No         ; |Arkanoid|gioco:np|x_nav                  ;
; 3:1                ; 4 bits    ; 8 LEs         ; 4 LEs                ; 4 LEs                  ; No         ; |Arkanoid|gioco:np|brick                  ;
; 3:1                ; 4 bits    ; 8 LEs         ; 4 LEs                ; 4 LEs                  ; No         ; |Arkanoid|gioco:np|brick                  ;
; 3:1                ; 4 bits    ; 8 LEs         ; 4 LEs                ; 4 LEs                  ; No         ; |Arkanoid|gioco:np|brick                  ;
; 3:1                ; 4 bits    ; 8 LEs         ; 4 LEs                ; 4 LEs                  ; No         ; |Arkanoid|gioco:np|brick                  ;
; 3:1                ; 4 bits    ; 8 LEs         ; 4 LEs                ; 4 LEs                  ; No         ; |Arkanoid|gioco:np|brick                  ;
; 3:1                ; 4 bits    ; 8 LEs         ; 4 LEs                ; 4 LEs                  ; No         ; |Arkanoid|gioco:np|brick                  ;
; 3:1                ; 4 bits    ; 8 LEs         ; 4 LEs                ; 4 LEs                  ; No         ; |Arkanoid|gioco:np|brick                  ;
; 3:1                ; 4 bits    ; 8 LEs         ; 4 LEs                ; 4 LEs                  ; No         ; |Arkanoid|gioco:np|brick                  ;
; 3:1                ; 4 bits    ; 8 LEs         ; 4 LEs                ; 4 LEs                  ; No         ; |Arkanoid|gioco:np|brick                  ;
; 3:1                ; 4 bits    ; 8 LEs         ; 4 LEs                ; 4 LEs                  ; No         ; |Arkanoid|gioco:np|brick                  ;
; 3:1                ; 4 bits    ; 8 LEs         ; 4 LEs                ; 4 LEs                  ; No         ; |Arkanoid|gioco:np|brick                  ;
; 3:1                ; 4 bits    ; 8 LEs         ; 4 LEs                ; 4 LEs                  ; No         ; |Arkanoid|gioco:np|brick                  ;
; 3:1                ; 4 bits    ; 8 LEs         ; 4 LEs                ; 4 LEs                  ; No         ; |Arkanoid|gioco:np|brick                  ;
; 3:1                ; 4 bits    ; 8 LEs         ; 4 LEs                ; 4 LEs                  ; No         ; |Arkanoid|gioco:np|brick                  ;
; 3:1                ; 4 bits    ; 8 LEs         ; 4 LEs                ; 4 LEs                  ; No         ; |Arkanoid|gioco:np|brick                  ;
; 3:1                ; 4 bits    ; 8 LEs         ; 4 LEs                ; 4 LEs                  ; No         ; |Arkanoid|gioco:np|brick                  ;
; 3:1                ; 4 bits    ; 8 LEs         ; 4 LEs                ; 4 LEs                  ; No         ; |Arkanoid|gioco:np|brick                  ;
; 3:1                ; 4 bits    ; 8 LEs         ; 4 LEs                ; 4 LEs                  ; No         ; |Arkanoid|gioco:np|brick                  ;
; 3:1                ; 4 bits    ; 8 LEs         ; 4 LEs                ; 4 LEs                  ; No         ; |Arkanoid|gioco:np|brick                  ;
; 3:1                ; 4 bits    ; 8 LEs         ; 4 LEs                ; 4 LEs                  ; No         ; |Arkanoid|gioco:np|brick                  ;
; 3:1                ; 4 bits    ; 8 LEs         ; 4 LEs                ; 4 LEs                  ; No         ; |Arkanoid|gioco:np|brick                  ;
; 3:1                ; 4 bits    ; 8 LEs         ; 8 LEs                ; 0 LEs                  ; No         ; |Arkanoid|gioco:np|brick                  ;
; 3:1                ; 4 bits    ; 8 LEs         ; 4 LEs                ; 4 LEs                  ; No         ; |Arkanoid|gioco:np|brick                  ;
; 3:1                ; 4 bits    ; 8 LEs         ; 4 LEs                ; 4 LEs                  ; No         ; |Arkanoid|gioco:np|brick                  ;
; 4:1                ; 4 bits    ; 8 LEs         ; 8 LEs                ; 0 LEs                  ; No         ; |Arkanoid|gioco:np|brick                  ;
; 4:1                ; 4 bits    ; 8 LEs         ; 8 LEs                ; 0 LEs                  ; No         ; |Arkanoid|gioco:np|brick                  ;
; 4:1                ; 4 bits    ; 8 LEs         ; 8 LEs                ; 0 LEs                  ; No         ; |Arkanoid|gioco:np|brick                  ;
; 4:1                ; 4 bits    ; 8 LEs         ; 8 LEs                ; 0 LEs                  ; No         ; |Arkanoid|gioco:np|brick                  ;
; 4:1                ; 4 bits    ; 8 LEs         ; 8 LEs                ; 0 LEs                  ; No         ; |Arkanoid|gioco:np|brick                  ;
; 4:1                ; 4 bits    ; 8 LEs         ; 8 LEs                ; 0 LEs                  ; No         ; |Arkanoid|gioco:np|brick                  ;
; 5:1                ; 10 bits   ; 30 LEs        ; 30 LEs               ; 0 LEs                  ; No         ; |Arkanoid|gioco:np|x_nav                  ;
; 5:1                ; 9 bits    ; 27 LEs        ; 18 LEs               ; 9 LEs                  ; No         ; |Arkanoid|gioco:np|Selector18             ;
+--------------------+-----------+---------------+----------------------+------------------------+------------+-------------------------------------------+


+-------------------------------------------------------+
; Parameter Settings for User Entity Instance: gioco:np ;
+----------------+------------+-------------------------+
; Parameter Name ; Value      ; Type                    ;
+----------------+------------+-------------------------+
; H_SIZE_BRI     ; 0000100000 ; Unsigned Binary         ;
; L_SIZE_BRI     ; 0000001010 ; Unsigned Binary         ;
; H_SIZE_NAV     ; 0000100000 ; Unsigned Binary         ;
; L_SIZE_NAV     ; 0000000011 ; Unsigned Binary         ;
; IX_NAV         ; 0101000000 ; Unsigned Binary         ;
; IY_NAV         ; 0111010110 ; Unsigned Binary         ;
; D_WIDTH        ; 1010000000 ; Unsigned Binary         ;
; D_HEIGHT       ; 0111100000 ; Unsigned Binary         ;
; H_SIZE_PAL     ; 0000000010 ; Unsigned Binary         ;
; IX_PAL         ; 0101000000 ; Unsigned Binary         ;
; IY_PAL         ; 0111001100 ; Unsigned Binary         ;
; VITE           ; 11         ; Unsigned Binary         ;
; BLOCCHI        ; 1010       ; Unsigned Binary         ;
; ROSSO          ; 11         ; Unsigned Binary         ;
; BLU            ; 10         ; Unsigned Binary         ;
; wait1          ; 0000       ; Unsigned Binary         ;
; s0             ; 0001       ; Unsigned Binary         ;
; val            ; 0010       ; Unsigned Binary         ;
; win            ; 0100       ; Unsigned Binary         ;
; go             ; 1000       ; Unsigned Binary         ;
+----------------+------------+-------------------------+
Note: In order to hide this table in the UI and the text report file, please set the "Show Parameter Settings in Synthesis Report" option in "Analysis and Synthesis Settings -> More Settings" to "Off".


+-------------------------------------------------------------------+
; Parameter Settings for User Entity Instance: gioco:np|flipflop:ff ;
+----------------+------------+-------------------------------------+
; Parameter Name ; Value      ; Type                                ;
+----------------+------------+-------------------------------------+
; IX_NAV         ; 0101000000 ; Unsigned Binary                     ;
; IY_NAV         ; 0111010110 ; Unsigned Binary                     ;
; IX_PAL         ; 0101000000 ; Unsigned Binary                     ;
; IY_PAL         ; 0111000010 ; Unsigned Binary                     ;
; VITE           ; 11         ; Unsigned Binary                     ;
; BLOCCHI        ; 1010       ; Unsigned Binary                     ;
; RED            ; 11         ; Unsigned Binary                     ;
; BLUE           ; 10         ; Unsigned Binary                     ;
+----------------+------------+-------------------------------------+
Note: In order to hide this table in the UI and the text report file, please set the "Show Parameter Settings in Synthesis Report" option in "Analysis and Synthesis Settings -> More Settings" to "Off".


+-------------------------------+
; Elapsed Time Per Partition    ;
+----------------+--------------+
; Partition Name ; Elapsed Time ;
+----------------+--------------+
; Top            ; 00:00:14     ;
+----------------+--------------+


+-------------------------------+
; Analysis & Synthesis Messages ;
+-------------------------------+
Info: *******************************************************************
Info: Running Quartus II 64-Bit Analysis & Synthesis
    Info: Version 13.0.1 Build 232 06/12/2013 Service Pack 1 SJ Web Edition
    Info: Processing started: Fri Jan 10 10:41:48 2020
Info: Command: quartus_map --read_settings_files=on --write_settings_files=off Arkanoid -c Arkanoid
Warning (20028): Parallel compilation is not licensed and has been disabled
Info (12021): Found 1 design units, including 1 entities, in source file gioco.v
    Info (12023): Found entity 1: gioco
Info (12021): Found 1 design units, including 1 entities, in source file vga640x480.v
    Info (12023): Found entity 1: vga640x480
Info (12021): Found 1 design units, including 1 entities, in source file flipflop.v
    Info (12023): Found entity 1: flipflop
Info (12021): Found 1 design units, including 1 entities, in source file arkanoid.v
    Info (12023): Found entity 1: Arkanoid
Info (12127): Elaborating entity "Arkanoid" for the top level hierarchy
Warning (10034): Output port "GREEN" at Arkanoid.v(13) has no driver
Info (12128): Elaborating entity "vga640x480" for hierarchy "vga640x480:display"
Warning (10230): Verilog HDL assignment warning at vga640x480.v(29): truncated value with size 32 to match size of target (10)
Warning (10230): Verilog HDL assignment warning at vga640x480.v(30): truncated value with size 32 to match size of target (9)
Info (12128): Elaborating entity "gioco" for hierarchy "gioco:np"
Info (12128): Elaborating entity "flipflop" for hierarchy "gioco:np|flipflop:ff"
Warning (13024): Output pins are stuck at VCC or GND
    Warning (13410): Pin "GREEN" is stuck at GND
    Warning (13410): Pin "HEX0[1]" is stuck at GND
Info (16010): Generating hard_block partition "hard_block:auto_generated_inst"
    Info (16011): Adding 0 node(s), including 0 DDIO, 0 PLL, 0 transceiver and 0 LCELL
Info (21057): Implemented 1127 device resources after synthesis - the final resource count might be different
    Info (21058): Implemented 5 input pins
    Info (21059): Implemented 15 output pins
    Info (21061): Implemented 1107 logic cells
Info: Quartus II 64-Bit Analysis & Synthesis was successful. 0 errors, 7 warnings
    Info: Peak virtual memory: 4597 megabytes
    Info: Processing ended: Fri Jan 10 10:42:18 2020
    Info: Elapsed time: 00:00:30
    Info: Total CPU time (on all processors): 00:00:16


